<?xml version="1.0" encoding="UTF-8"?>
<!-- Generated by org.testng.reporters.JUnitXMLReporter -->
<testsuite ignored="0" hostname="Vishnu" failures="5" tests="7" name="Test" time="11.342" errors="0" timestamp="2021-06-13T01:00:51 IST">
  <testcase classname="com.optimus.testCases.TC001_Get_All_Employee" name="CheckingStatusCode" time="0.036"/>
  <testcase classname="com.optimus.testCases.TC001_Get_All_Employee" name="checkContentLength" time="0.009">
    <failure type="java.lang.NumberFormatException" message="null">
      <![CDATA[java.lang.NumberFormatException: null
at java.base/java.lang.Integer.parseInt(Integer.java:614)
at java.base/java.lang.Integer.parseInt(Integer.java:770)
at com.optimus.testCases.TC001_Get_All_Employee.checkContentLength(TC001_Get_All_Employee.java:70)
at java.base/java.util.ArrayList.forEach(ArrayList.java:1541)
... Removed 27 stack frames]]>
    </failure>
  </testcase> <!-- checkContentLength -->
  <testcase classname="com.optimus.testCases.TC001_Get_All_Employee" name="checkContentType" time="0.012">
    <failure type="java.lang.AssertionError" message="expected [text/html; charset=UTF-8] but found [application/json; charset=utf-8]">
      <![CDATA[java.lang.AssertionError: expected [text/html; charset=UTF-8] but found [application/json; charset=utf-8]
at com.optimus.testCases.TC001_Get_All_Employee.checkContentType(TC001_Get_All_Employee.java:55)
at java.base/java.util.ArrayList.forEach(ArrayList.java:1541)
... Removed 33 stack frames]]>
    </failure>
  </testcase> <!-- checkContentType -->
  <testcase classname="com.optimus.testCases.TC001_Get_All_Employee" name="checkCookies" time="0.017">
    <failure type="java.lang.AssertionError" message="expected [true] but found [false]">
      <![CDATA[java.lang.AssertionError: expected [true] but found [false]
at com.optimus.testCases.TC001_Get_All_Employee.checkCookies(TC001_Get_All_Employee.java:81)
at java.base/java.util.ArrayList.forEach(ArrayList.java:1541)
... Removed 31 stack frames]]>
    </failure>
  </testcase> <!-- checkCookies -->
  <testcase classname="com.optimus.testCases.TC001_Get_All_Employee" name="checkResponseBody" time="0.143"/>
  <testcase classname="com.optimus.testCases.TC001_Get_All_Employee" name="checkResponseTime" time="0.02">
    <failure type="java.lang.AssertionError" message="expected [true] but found [false]">
      <![CDATA[java.lang.AssertionError: expected [true] but found [false]
at com.optimus.testCases.TC001_Get_All_Employee.checkResponseTime(TC001_Get_All_Employee.java:47)
at java.base/java.util.ArrayList.forEach(ArrayList.java:1541)
... Removed 31 stack frames]]>
    </failure>
  </testcase> <!-- checkResponseTime -->
  <testcase classname="com.optimus.testCases.TC001_Get_All_Employee" name="checkserverType" time="0.012">
    <failure type="java.lang.AssertionError" message="expected [nginx/1.14.1] but found [cloudflare]">
      <![CDATA[java.lang.AssertionError: expected [nginx/1.14.1] but found [cloudflare]
at com.optimus.testCases.TC001_Get_All_Employee.checkserverType(TC001_Get_All_Employee.java:63)
at java.base/java.util.ArrayList.forEach(ArrayList.java:1541)
... Removed 33 stack frames]]>
    </failure>
  </testcase> <!-- checkserverType -->
</testsuite> <!-- Test -->
